<?xml version="1.0" encoding="UTF-8"?>
<!-- Generated by org.testng.reporters.JUnitReportReporter -->
<testsuite hostname="DESKTOP-1FTEEH8" failures="0" tests="6" name="com.amazon.testing.Test2" time="0.132" errors="0" timestamp="2023-03-26T23:51:06 IST" skipped="0">
  <testcase classname="com.amazon.testing.Test2" name="shippingdetails" time="0.007"/>
  <system-out/>
  <testcase classname="com.amazon.testing.Test2" name="shoecategory" time="0.029"/>
  <system-out/>
  <testcase classname="com.amazon.testing.Test2" name="productDP" time="0.002"/>
  <system-out/>
  <testcase classname="com.amazon.testing.Test2" name="login" time="0.056"/>
  <system-out/>
  <testcase classname="com.amazon.testing.Test2" name="homepage" time="0.015"/>
  <system-out/>
  <testcase classname="com.amazon.testing.Test2" name="signup" time="0.023"/>
  <system-out/>
</testsuite> <!-- com.amazon.testing.Test2 -->
