<?xml version="1.0" encoding="UTF-8"?>
<!-- Generated by org.testng.reporters.JUnitReportReporter -->
<testsuite hostname="DESKTOP-1FTEEH8" failures="0" tests="6" name="com.amazon.testing.Test7" time="0.059" errors="0" timestamp="2023-03-06T12:31:50 IST" skipped="0">
  <testcase classname="com.amazon.testing.Test7" name="signup" time="0.027"/>
  <system-out/>
  <testcase classname="com.amazon.testing.Test7" name="login" time="0.007"/>
  <system-out/>
  <testcase classname="com.amazon.testing.Test7" name="homepage" time="0.004"/>
  <system-out/>
  <testcase classname="com.amazon.testing.Test7" name="bookscategory" time="0.006"/>
  <system-out/>
  <testcase classname="com.amazon.testing.Test7" name="productDP" time="0.007"/>
  <system-out/>
  <testcase classname="com.amazon.testing.Test7" name="shippingdetails" time="0.008"/>
  <system-out/>
</testsuite> <!-- com.amazon.testing.Test7 -->
