<?xml version="1.0" encoding="UTF-8"?>
<!-- Generated by org.testng.reporters.JUnitReportReporter -->
<testsuite hostname="DESKTOP-1FTEEH8" failures="0" tests="3" name="com.amazon.testing.Test10" time="9.158" errors="0" timestamp="2022-08-22T23:43:47 IST" skipped="0">
  <testcase classname="com.amazon.testing.Test10" name="draggable" time="4.356"/>
  <system-out/>
  <testcase classname="com.amazon.testing.Test10" name="droppable" time="1.645"/>
  <system-out/>
  <testcase classname="com.amazon.testing.Test10" name="menu" time="3.157"/>
  <system-out/>
</testsuite> <!-- com.amazon.testing.Test10 -->
