<?xml version="1.0" encoding="UTF-8"?>
<!-- Generated by org.testng.reporters.JUnitReportReporter -->
<testsuite hostname="DESKTOP-1FTEEH8" failures="0" tests="10" name="com.amazon.testing.Test4" time="0.051" errors="0" timestamp="2023-03-26T23:51:06 IST" skipped="0">
  <testcase classname="com.amazon.testing.Test4" name="saysomething" time="0.004"/>
  <system-out/>
  <testcase classname="com.amazon.testing.Test4" name="saysomething" time="0.005"/>
  <system-out/>
  <testcase classname="com.amazon.testing.Test4" name="saysomething" time="0.003"/>
  <system-out/>
  <testcase classname="com.amazon.testing.Test4" name="saysomething" time="0.019"/>
  <system-out/>
  <testcase classname="com.amazon.testing.Test4" name="saysomething" time="0.003"/>
  <system-out/>
  <testcase classname="com.amazon.testing.Test4" name="saysomething" time="0.002"/>
  <system-out/>
  <testcase classname="com.amazon.testing.Test4" name="saysomething" time="0.004"/>
  <system-out/>
  <testcase classname="com.amazon.testing.Test4" name="saysomething" time="0.003"/>
  <system-out/>
  <testcase classname="com.amazon.testing.Test4" name="saysomething" time="0.003"/>
  <system-out/>
  <testcase classname="com.amazon.testing.Test4" name="saysomething" time="0.005"/>
  <system-out/>
</testsuite> <!-- com.amazon.testing.Test4 -->
