<?xml version="1.0" encoding="UTF-8"?>
<!-- Generated by org.testng.reporters.JUnitReportReporter -->
<testsuite hostname="DESKTOP-1FTEEH8" failures="0" tests="6" name="com.amazon.testing.Test1" time="0.411" errors="0" timestamp="2023-03-26T23:51:06 IST" skipped="0">
  <testcase classname="com.amazon.testing.Test1" name="shippingdetails" time="0.199"/>
  <system-out/>
  <testcase classname="com.amazon.testing.Test1" name="productDP" time="0.021"/>
  <system-out/>
  <testcase classname="com.amazon.testing.Test1" name="login" time="0.064"/>
  <system-out/>
  <testcase classname="com.amazon.testing.Test1" name="homepage" time="0.020"/>
  <system-out/>
  <testcase classname="com.amazon.testing.Test1" name="mobilecategory" time="0.049"/>
  <system-out/>
  <testcase classname="com.amazon.testing.Test1" name="signup" time="0.058"/>
  <system-out>
    <![CDATA[Test1 : signing up
Test1 : click on button after sign up]]>
  </system-out>
</testsuite> <!-- com.amazon.testing.Test1 -->
