<?xml version="1.0" encoding="UTF-8"?>
<!-- Generated by org.testng.reporters.JUnitReportReporter -->
<testsuite hostname="DESKTOP-1FTEEH8" failures="0" tests="6" name="com.amazon.testing.Test6" time="0.084" errors="0" timestamp="2022-08-31T06:17:17 IST" skipped="0">
  <testcase classname="com.amazon.testing.Test6" name="homepage" time="0.008"/>
  <system-out/>
  <testcase classname="com.amazon.testing.Test6" name="shoecategory" time="0.018"/>
  <system-out/>
  <testcase classname="com.amazon.testing.Test6" name="shippingdetails" time="0.016"/>
  <system-out/>
  <testcase classname="com.amazon.testing.Test6" name="login" time="0.006"/>
  <system-out/>
  <testcase classname="com.amazon.testing.Test6" name="signup" time="0.029"/>
  <system-out/>
  <testcase classname="com.amazon.testing.Test6" name="productDP" time="0.007"/>
  <system-out/>
</testsuite> <!-- com.amazon.testing.Test6 -->
