<?xml version="1.0" encoding="UTF-8"?>
<!-- Generated by org.testng.reporters.JUnitReportReporter -->
<testsuite hostname="DESKTOP-1FTEEH8" failures="0" tests="6" name="com.amazon.testing.Test5" time="0.054" errors="0" timestamp="2023-03-26T17:34:01 IST" skipped="0">
  <testcase classname="com.amazon.testing.Test5" name="homepage" time="0.028"/>
  <system-out/>
  <testcase classname="com.amazon.testing.Test5" name="signup" time="0.008"/>
  <system-out/>
  <testcase classname="com.amazon.testing.Test5" name="login" time="0.004"/>
  <system-out/>
  <testcase classname="com.amazon.testing.Test5" name="productDP" time="0.003"/>
  <system-out/>
  <testcase classname="com.amazon.testing.Test5" name="shippingdetails" time="0.008"/>
  <system-out/>
  <testcase classname="com.amazon.testing.Test5" name="mobilecategory" time="0.003"/>
  <system-out/>
</testsuite> <!-- com.amazon.testing.Test5 -->
