<?xml version="1.0" encoding="UTF-8"?>
<!-- Generated by org.testng.reporters.JUnitReportReporter -->
<testsuite hostname="DESKTOP-1FTEEH8" failures="0" tests="6" name="com.amazon.testing.Test3" time="0.290" errors="0" timestamp="2023-03-26T23:51:06 IST" skipped="0">
  <testcase classname="com.amazon.testing.Test3" name="signup" time="0.232"/>
  <system-out/>
  <testcase classname="com.amazon.testing.Test3" name="login" time="0.012"/>
  <system-out/>
  <testcase classname="com.amazon.testing.Test3" name="homepage" time="0.007"/>
  <system-out/>
  <testcase classname="com.amazon.testing.Test3" name="bookscategory" time="0.026"/>
  <system-out/>
  <testcase classname="com.amazon.testing.Test3" name="productDP" time="0.005"/>
  <system-out/>
  <testcase classname="com.amazon.testing.Test3" name="shippingdetails" time="0.008"/>
  <system-out/>
</testsuite> <!-- com.amazon.testing.Test3 -->
