<?xml version="1.0" encoding="UTF-8"?>
<!-- Generated by org.testng.reporters.JUnitReportReporter -->
<testsuite hostname="DESKTOP-1FTEEH8" failures="0" tests="1" name="com.amazon.testing.TakeScreenShot" time="18.669" errors="0" timestamp="2023-03-26T17:35:49 IST" skipped="0">
  <testcase classname="com.amazon.testing.TakeScreenShot" name="testscreenshot" time="18.669"/>
  <system-out/>
</testsuite> <!-- com.amazon.testing.TakeScreenShot -->
