<?xml version="1.0" encoding="UTF-8"?>
<!-- Generated by org.testng.reporters.JUnitReportReporter -->
<testsuite hostname="DESKTOP-1FTEEH8" failures="0" tests="3" name="com.amazon.testing.Test8" time="0.026" errors="0" timestamp="2023-03-26T17:54:32 IST" skipped="0">
  <testcase classname="com.amazon.testing.Test8" name="login" time="0.011"/>
  <system-out/>
  <testcase classname="com.amazon.testing.Test8" name="login" time="0.012"/>
  <system-out/>
  <testcase classname="com.amazon.testing.Test8" name="login" time="0.003"/>
  <system-out/>
</testsuite> <!-- com.amazon.testing.Test8 -->
