<?xml version="1.0" encoding="UTF-8"?>
<!-- Generated by org.testng.reporters.JUnitReportReporter -->
<testsuite hostname="DESKTOP-1FTEEH8" failures="0" tests="4" name="com.gmail.tests.TestLoginAndSignUp1" time="0.105" errors="1" timestamp="2022-08-31T06:17:33 IST" skipped="3">
  <testcase classname="com.gmail.tests.TestLoginAndSignUp1" name="testLoginForPersonalAccount" time="0.028">
    <skipped/>
  </testcase> <!-- testLoginForPersonalAccount -->
  <system-out/>
  <testcase classname="com.gmail.tests.TestLoginAndSignUp1" name="testLoginForPersonalAccount" time="0.009">
    <skipped/>
  </testcase> <!-- testLoginForPersonalAccount -->
  <system-out/>
  <testcase classname="com.gmail.tests.TestLoginAndSignUp1" name="testLoginForPersonalAccount" time="0.053">
    <skipped/>
  </testcase> <!-- testLoginForPersonalAccount -->
  <system-out/>
  <testcase classname="com.gmail.tests.TestLoginAndSignUp1" name="testLoginForPersonalAccount" time="0.015">
    <error message="Cannot invoke &quot;com.gmail.pageobject.LoginAndSignup1.createAccountForPersonalUse(String, String, String, String)&quot; because &quot;this.loginSignup&quot; is null" type="java.lang.NullPointerException">
      <![CDATA[java.lang.NullPointerException: Cannot invoke "com.gmail.pageobject.LoginAndSignup1.createAccountForPersonalUse(String, String, String, String)" because "this.loginSignup" is null
at com.gmail.tests.TestLoginAndSignUp1.testLoginForPersonalAccount(TestLoginAndSignUp1.java:49)
at java.base/jdk.internal.reflect.DirectMethodHandleAccessor.invoke(DirectMethodHandleAccessor.java:104)
at java.base/java.lang.reflect.Method.invoke(Method.java:577)
at org.testng.internal.MethodInvocationHelper.invokeMethod(MethodInvocationHelper.java:133)
at org.testng.internal.TestInvoker.invokeMethod(TestInvoker.java:598)
at org.testng.internal.TestInvoker.retryFailed(TestInvoker.java:213)
at org.testng.internal.MethodRunner.runInSequence(MethodRunner.java:58)
at org.testng.internal.TestInvoker$MethodInvocationAgent.invoke(TestInvoker.java:824)
at org.testng.internal.TestInvoker.invokeTestMethods(TestInvoker.java:146)
at org.testng.internal.TestMethodWorker.invokeTestMethods(TestMethodWorker.java:146)
at org.testng.internal.TestMethodWorker.run(TestMethodWorker.java:128)
at java.base/java.util.concurrent.ThreadPoolExecutor.runWorker(ThreadPoolExecutor.java:1136)
at java.base/java.util.concurrent.ThreadPoolExecutor$Worker.run(ThreadPoolExecutor.java:635)
at java.base/java.lang.Thread.run(Thread.java:833)
]]>
    </error>
  </testcase> <!-- testLoginForPersonalAccount -->
  <system-out/>
</testsuite> <!-- com.gmail.tests.TestLoginAndSignUp1 -->
